  [1m[35m (60.1ms)[0m  [1m[35mCREATE TABLE "schema_migrations" ("version" character varying PRIMARY KEY)[0m
  [1m[35m (23.8ms)[0m  [1m[35mCREATE TABLE "ar_internal_metadata" ("key" character varying PRIMARY KEY, "value" character varying, "created_at" timestamp NOT NULL, "updated_at" timestamp NOT NULL)[0m
  [1m[35m (15.3ms)[0m  [1m[34mSELECT pg_try_advisory_lock(490414586205169605);[0m
  [1m[36mActiveRecord::SchemaMigration Load (4.4ms)[0m  [1m[34mSELECT "schema_migrations".* FROM "schema_migrations"[0m
Migrating to CreateStreams (20160522183320)
  [1m[35m (17.3ms)[0m  [1m[35mBEGIN[0m
  [1m[35m (30.9ms)[0m  [1m[35mCREATE TABLE "streams" ("id" serial primary key, "user_id" integer, "desc" text, "status" character varying, "opentok_session_id" character varying, "created_at" timestamp NOT NULL, "updated_at" timestamp NOT NULL)[0m
  [1m[35m (6.5ms)[0m  [1m[35mCREATE  INDEX  "index_streams_on_user_id" ON "streams"  ("user_id")[0m
  [1m[35mSQL (29.1ms)[0m  [1m[32mINSERT INTO "schema_migrations" ("version") VALUES ($1) RETURNING "version"[0m  [["version", "20160522183320"]]
  [1m[35m (2.8ms)[0m  [1m[35mCOMMIT[0m
Migrating to DeviseCreateUsers (20160522183335)
  [1m[35m (6.2ms)[0m  [1m[35mBEGIN[0m
  [1m[35m (30.2ms)[0m  [1m[35mCREATE TABLE "users" ("id" serial primary key, "email" character varying DEFAULT '' NOT NULL, "encrypted_password" character varying DEFAULT '' NOT NULL, "reset_password_token" character varying, "reset_password_sent_at" timestamp, "remember_created_at" timestamp, "sign_in_count" integer DEFAULT 0 NOT NULL, "current_sign_in_at" timestamp, "last_sign_in_at" timestamp, "current_sign_in_ip" inet, "last_sign_in_ip" inet, "created_at" timestamp NOT NULL, "updated_at" timestamp NOT NULL)[0m
  [1m[35m (4.2ms)[0m  [1m[35mCREATE UNIQUE INDEX  "index_users_on_email" ON "users"  ("email")[0m
  [1m[35m (2.0ms)[0m  [1m[35mCREATE UNIQUE INDEX  "index_users_on_reset_password_token" ON "users"  ("reset_password_token")[0m
  [1m[35mSQL (0.5ms)[0m  [1m[32mINSERT INTO "schema_migrations" ("version") VALUES ($1) RETURNING "version"[0m  [["version", "20160522183335"]]
  [1m[35m (2.2ms)[0m  [1m[35mCOMMIT[0m
  [1m[36mActiveRecord::InternalMetadata Load (5.5ms)[0m  [1m[34mSELECT  "ar_internal_metadata".* FROM "ar_internal_metadata" ORDER BY "ar_internal_metadata"."key" ASC LIMIT $1[0m  [["LIMIT", 1]]
  [1m[35m (0.2ms)[0m  [1m[35mBEGIN[0m
  [1m[35mSQL (3.2ms)[0m  [1m[32mINSERT INTO "ar_internal_metadata" ("key", "value", "created_at", "updated_at") VALUES ($1, $2, $3, $4) RETURNING "key"[0m  [["key", "environment"], ["value", "development"], ["created_at", 2017-11-18 06:18:21 UTC], ["updated_at", 2017-11-18 06:18:21 UTC]]
  [1m[35m (2.4ms)[0m  [1m[35mCOMMIT[0m
  [1m[35m (0.5ms)[0m  [1m[34mSELECT pg_advisory_unlock(490414586205169605)[0m
  [1m[36mActiveRecord::SchemaMigration Load (5.8ms)[0m  [1m[34mSELECT "schema_migrations".* FROM "schema_migrations"[0m
  [1m[35m (12.9ms)[0m  [1m[34mSELECT t2.oid::regclass::text AS to_table, a1.attname AS column, a2.attname AS primary_key, c.conname AS name, c.confupdtype AS on_update, c.confdeltype AS on_delete
FROM pg_constraint c
JOIN pg_class t1 ON c.conrelid = t1.oid
JOIN pg_class t2 ON c.confrelid = t2.oid
JOIN pg_attribute a1 ON a1.attnum = c.conkey[1] AND a1.attrelid = t1.oid
JOIN pg_attribute a2 ON a2.attnum = c.confkey[1] AND a2.attrelid = t2.oid
JOIN pg_namespace t3 ON c.connamespace = t3.oid
WHERE c.contype = 'f'
  AND t1.relname = 'streams'
  AND t3.nspname = ANY (current_schemas(false))
ORDER BY c.conname
[0m
  [1m[35m (5.1ms)[0m  [1m[34mSELECT t2.oid::regclass::text AS to_table, a1.attname AS column, a2.attname AS primary_key, c.conname AS name, c.confupdtype AS on_update, c.confdeltype AS on_delete
FROM pg_constraint c
JOIN pg_class t1 ON c.conrelid = t1.oid
JOIN pg_class t2 ON c.confrelid = t2.oid
JOIN pg_attribute a1 ON a1.attnum = c.conkey[1] AND a1.attrelid = t1.oid
JOIN pg_attribute a2 ON a2.attnum = c.confkey[1] AND a2.attrelid = t2.oid
JOIN pg_namespace t3 ON c.connamespace = t3.oid
WHERE c.contype = 'f'
  AND t1.relname = 'users'
  AND t3.nspname = ANY (current_schemas(false))
ORDER BY c.conname
[0m
  [1m[35m (3.4ms)[0m  [1m[34mSELECT t2.oid::regclass::text AS to_table, a1.attname AS column, a2.attname AS primary_key, c.conname AS name, c.confupdtype AS on_update, c.confdeltype AS on_delete
FROM pg_constraint c
JOIN pg_class t1 ON c.conrelid = t1.oid
JOIN pg_class t2 ON c.confrelid = t2.oid
JOIN pg_attribute a1 ON a1.attnum = c.conkey[1] AND a1.attrelid = t1.oid
JOIN pg_attribute a2 ON a2.attnum = c.confkey[1] AND a2.attrelid = t2.oid
JOIN pg_namespace t3 ON c.connamespace = t3.oid
WHERE c.contype = 'f'
  AND t1.relname = 'wp_commentmeta'
  AND t3.nspname = ANY (current_schemas(false))
ORDER BY c.conname
[0m
  [1m[35m (3.4ms)[0m  [1m[34mSELECT t2.oid::regclass::text AS to_table, a1.attname AS column, a2.attname AS primary_key, c.conname AS name, c.confupdtype AS on_update, c.confdeltype AS on_delete
FROM pg_constraint c
JOIN pg_class t1 ON c.conrelid = t1.oid
JOIN pg_class t2 ON c.confrelid = t2.oid
JOIN pg_attribute a1 ON a1.attnum = c.conkey[1] AND a1.attrelid = t1.oid
JOIN pg_attribute a2 ON a2.attnum = c.confkey[1] AND a2.attrelid = t2.oid
JOIN pg_namespace t3 ON c.connamespace = t3.oid
WHERE c.contype = 'f'
  AND t1.relname = 'wp_comments'
  AND t3.nspname = ANY (current_schemas(false))
ORDER BY c.conname
[0m
  [1m[35m (3.4ms)[0m  [1m[34mSELECT t2.oid::regclass::text AS to_table, a1.attname AS column, a2.attname AS primary_key, c.conname AS name, c.confupdtype AS on_update, c.confdeltype AS on_delete
FROM pg_constraint c
JOIN pg_class t1 ON c.conrelid = t1.oid
JOIN pg_class t2 ON c.confrelid = t2.oid
JOIN pg_attribute a1 ON a1.attnum = c.conkey[1] AND a1.attrelid = t1.oid
JOIN pg_attribute a2 ON a2.attnum = c.confkey[1] AND a2.attrelid = t2.oid
JOIN pg_namespace t3 ON c.connamespace = t3.oid
WHERE c.contype = 'f'
  AND t1.relname = 'wp_links'
  AND t3.nspname = ANY (current_schemas(false))
ORDER BY c.conname
[0m
  [1m[35m (3.8ms)[0m  [1m[34mSELECT t2.oid::regclass::text AS to_table, a1.attname AS column, a2.attname AS primary_key, c.conname AS name, c.confupdtype AS on_update, c.confdeltype AS on_delete
FROM pg_constraint c
JOIN pg_class t1 ON c.conrelid = t1.oid
JOIN pg_class t2 ON c.confrelid = t2.oid
JOIN pg_attribute a1 ON a1.attnum = c.conkey[1] AND a1.attrelid = t1.oid
JOIN pg_attribute a2 ON a2.attnum = c.confkey[1] AND a2.attrelid = t2.oid
JOIN pg_namespace t3 ON c.connamespace = t3.oid
WHERE c.contype = 'f'
  AND t1.relname = 'wp_options'
  AND t3.nspname = ANY (current_schemas(false))
ORDER BY c.conname
[0m
  [1m[35m (5.3ms)[0m  [1m[34mSELECT t2.oid::regclass::text AS to_table, a1.attname AS column, a2.attname AS primary_key, c.conname AS name, c.confupdtype AS on_update, c.confdeltype AS on_delete
FROM pg_constraint c
JOIN pg_class t1 ON c.conrelid = t1.oid
JOIN pg_class t2 ON c.confrelid = t2.oid
JOIN pg_attribute a1 ON a1.attnum = c.conkey[1] AND a1.attrelid = t1.oid
JOIN pg_attribute a2 ON a2.attnum = c.confkey[1] AND a2.attrelid = t2.oid
JOIN pg_namespace t3 ON c.connamespace = t3.oid
WHERE c.contype = 'f'
  AND t1.relname = 'wp_postmeta'
  AND t3.nspname = ANY (current_schemas(false))
ORDER BY c.conname
[0m
  [1m[35m (3.5ms)[0m  [1m[34mSELECT t2.oid::regclass::text AS to_table, a1.attname AS column, a2.attname AS primary_key, c.conname AS name, c.confupdtype AS on_update, c.confdeltype AS on_delete
FROM pg_constraint c
JOIN pg_class t1 ON c.conrelid = t1.oid
JOIN pg_class t2 ON c.confrelid = t2.oid
JOIN pg_attribute a1 ON a1.attnum = c.conkey[1] AND a1.attrelid = t1.oid
JOIN pg_attribute a2 ON a2.attnum = c.confkey[1] AND a2.attrelid = t2.oid
JOIN pg_namespace t3 ON c.connamespace = t3.oid
WHERE c.contype = 'f'
  AND t1.relname = 'wp_posts'
  AND t3.nspname = ANY (current_schemas(false))
ORDER BY c.conname
[0m
  [1m[35m (3.4ms)[0m  [1m[34mSELECT t2.oid::regclass::text AS to_table, a1.attname AS column, a2.attname AS primary_key, c.conname AS name, c.confupdtype AS on_update, c.confdeltype AS on_delete
FROM pg_constraint c
JOIN pg_class t1 ON c.conrelid = t1.oid
JOIN pg_class t2 ON c.confrelid = t2.oid
JOIN pg_attribute a1 ON a1.attnum = c.conkey[1] AND a1.attrelid = t1.oid
JOIN pg_attribute a2 ON a2.attnum = c.confkey[1] AND a2.attrelid = t2.oid
JOIN pg_namespace t3 ON c.connamespace = t3.oid
WHERE c.contype = 'f'
  AND t1.relname = 'wp_term_relationships'
  AND t3.nspname = ANY (current_schemas(false))
ORDER BY c.conname
[0m
  [1m[35m (3.4ms)[0m  [1m[34mSELECT t2.oid::regclass::text AS to_table, a1.attname AS column, a2.attname AS primary_key, c.conname AS name, c.confupdtype AS on_update, c.confdeltype AS on_delete
FROM pg_constraint c
JOIN pg_class t1 ON c.conrelid = t1.oid
JOIN pg_class t2 ON c.confrelid = t2.oid
JOIN pg_attribute a1 ON a1.attnum = c.conkey[1] AND a1.attrelid = t1.oid
JOIN pg_attribute a2 ON a2.attnum = c.confkey[1] AND a2.attrelid = t2.oid
JOIN pg_namespace t3 ON c.connamespace = t3.oid
WHERE c.contype = 'f'
  AND t1.relname = 'wp_term_taxonomy'
  AND t3.nspname = ANY (current_schemas(false))
ORDER BY c.conname
[0m
  [1m[35m (3.4ms)[0m  [1m[34mSELECT t2.oid::regclass::text AS to_table, a1.attname AS column, a2.attname AS primary_key, c.conname AS name, c.confupdtype AS on_update, c.confdeltype AS on_delete
FROM pg_constraint c
JOIN pg_class t1 ON c.conrelid = t1.oid
JOIN pg_class t2 ON c.confrelid = t2.oid
JOIN pg_attribute a1 ON a1.attnum = c.conkey[1] AND a1.attrelid = t1.oid
JOIN pg_attribute a2 ON a2.attnum = c.confkey[1] AND a2.attrelid = t2.oid
JOIN pg_namespace t3 ON c.connamespace = t3.oid
WHERE c.contype = 'f'
  AND t1.relname = 'wp_terms'
  AND t3.nspname = ANY (current_schemas(false))
ORDER BY c.conname
[0m
  [1m[35m (3.5ms)[0m  [1m[34mSELECT t2.oid::regclass::text AS to_table, a1.attname AS column, a2.attname AS primary_key, c.conname AS name, c.confupdtype AS on_update, c.confdeltype AS on_delete
FROM pg_constraint c
JOIN pg_class t1 ON c.conrelid = t1.oid
JOIN pg_class t2 ON c.confrelid = t2.oid
JOIN pg_attribute a1 ON a1.attnum = c.conkey[1] AND a1.attrelid = t1.oid
JOIN pg_attribute a2 ON a2.attnum = c.confkey[1] AND a2.attrelid = t2.oid
JOIN pg_namespace t3 ON c.connamespace = t3.oid
WHERE c.contype = 'f'
  AND t1.relname = 'wp_usermeta'
  AND t3.nspname = ANY (current_schemas(false))
ORDER BY c.conname
[0m
  [1m[35m (5.4ms)[0m  [1m[34mSELECT t2.oid::regclass::text AS to_table, a1.attname AS column, a2.attname AS primary_key, c.conname AS name, c.confupdtype AS on_update, c.confdeltype AS on_delete
FROM pg_constraint c
JOIN pg_class t1 ON c.conrelid = t1.oid
JOIN pg_class t2 ON c.confrelid = t2.oid
JOIN pg_attribute a1 ON a1.attnum = c.conkey[1] AND a1.attrelid = t1.oid
JOIN pg_attribute a2 ON a2.attnum = c.confkey[1] AND a2.attrelid = t2.oid
JOIN pg_namespace t3 ON c.connamespace = t3.oid
WHERE c.contype = 'f'
  AND t1.relname = 'wp_users'
  AND t3.nspname = ANY (current_schemas(false))
ORDER BY c.conname
[0m
Started GET "/" for ::1 at 2017-11-18 14:18:47 +0800
  [1m[36mActiveRecord::SchemaMigration Load (1.2ms)[0m  [1m[34mSELECT "schema_migrations".* FROM "schema_migrations"[0m
Processing by UsersController#stream as HTML
Completed 401 Unauthorized in 31ms (ActiveRecord: 0.0ms)


Started GET "/users/sign_in" for ::1 at 2017-11-18 14:18:47 +0800
Processing by Devise::SessionsController#new as HTML
  Rendering /Users/ariuslee/.rvm/gems/ruby-2.3.3/gems/devise-4.1.1/app/views/devise/sessions/new.html.erb within layouts/application
  Rendered /Users/ariuslee/.rvm/gems/ruby-2.3.3/gems/devise-4.1.1/app/views/devise/shared/_links.html.erb (2.2ms)
  Rendered /Users/ariuslee/.rvm/gems/ruby-2.3.3/gems/devise-4.1.1/app/views/devise/sessions/new.html.erb within layouts/application (66.0ms)
Completed 200 OK in 1473ms (Views: 1430.6ms | ActiveRecord: 12.3ms)


Started GET "/assets/streams.self-e3b0c44298fc1c149afbf4c8996fb92427ae41e4649b934ca495991b7852b855.css?body=1" for ::1 at 2017-11-18 14:18:49 +0800
Started GET "/assets/cable.self-6e0514260c1aa76eaf252412ce74e63f68819fd19bf740595f592c5ba4c36537.js?body=1" for ::1 at 2017-11-18 14:18:49 +0800
Started GET "/assets/stream.self-4fb4d167b8722f0b1233787b61771e7d6f38e95738afc957f06c72ee8999378d.js?body=1" for ::1 at 2017-11-18 14:18:49 +0800
Started GET "/assets/watch.self-189586264b2bd48ce5e7fba4b27b4a2f2da871eb29f9668e05ee14306547afce.js?body=1" for ::1 at 2017-11-18 14:18:49 +0800
Started GET "/assets/application.self-af04b226fd7202dfc532ce7aedb95a0128277937e90d3b3a3d35e1cce9e16886.css?body=1" for ::1 at 2017-11-18 14:18:49 +0800
Started GET "/assets/jquery_ujs.self-e87806d0cf4489aeb1bb7288016024e8de67fd18db693fe026fe3907581e53cd.js?body=1" for ::1 at 2017-11-18 14:18:49 +0800
Started GET "/assets/jquery.self-660adc51e0224b731d29f575a6f1ec167ba08ad06ed5deca4f1e8654c135bf4c.js?body=1" for ::1 at 2017-11-18 14:18:49 +0800
Started GET "/assets/turbolinks.self-979a09514ef27c84df025c07108a05438ba97cfec71073dcb800a4d327044e02.js?body=1" for ::1 at 2017-11-18 14:18:49 +0800
Started GET "/assets/application.self-b89234cf2659d7fedea75bca0b8d231ad7dfc2f3f57fcbaf5f44ed9dc384137b.js?body=1" for ::1 at 2017-11-18 14:18:49 +0800
Started GET "/assets/action_cable.self-97a1acc11db2782c1b61ce874bff887f64e903d3cb2b533eff50fb799c873c70.js?body=1" for ::1 at 2017-11-18 14:18:49 +0800
Started GET "/users/sign_up" for ::1 at 2017-11-18 14:19:12 +0800
Processing by Devise::RegistrationsController#new as HTML
  Rendering /Users/ariuslee/.rvm/gems/ruby-2.3.3/gems/devise-4.1.1/app/views/devise/registrations/new.html.erb within layouts/application
  Rendered /Users/ariuslee/.rvm/gems/ruby-2.3.3/gems/devise-4.1.1/app/views/devise/shared/_links.html.erb (3.2ms)
  Rendered /Users/ariuslee/.rvm/gems/ruby-2.3.3/gems/devise-4.1.1/app/views/devise/registrations/new.html.erb within layouts/application (16.5ms)
Completed 200 OK in 76ms (Views: 73.4ms | ActiveRecord: 0.0ms)


Started POST "/users" for ::1 at 2017-11-18 14:19:20 +0800
Processing by Devise::RegistrationsController#create as HTML
  Parameters: {"utf8"=>"✓", "authenticity_token"=>"yP3Ae8S7TZif0gs2UmP65MZTleavzzHU+ZKl2qHYgiAWkV8bKuCDBAjI7dj7G9jSecybPaurLONivnIwPYSCHA==", "user"=>{"email"=>"123@123.com", "password"=>"[FILTERED]", "password_confirmation"=>"[FILTERED]"}, "commit"=>"Sign up"}
  [1m[35m (0.2ms)[0m  [1m[35mBEGIN[0m
  [1m[36mUser Exists (21.2ms)[0m  [1m[34mSELECT  1 AS one FROM "users" WHERE "users"."email" = $1 LIMIT $2[0m  [["email", "123@123.com"], ["LIMIT", 1]]
  [1m[35mSQL (3.9ms)[0m  [1m[32mINSERT INTO "users" ("email", "encrypted_password", "created_at", "updated_at") VALUES ($1, $2, $3, $4) RETURNING "id"[0m  [["email", "123@123.com"], ["encrypted_password", "$2a$11$hoPfhGkhMo6qn3nP8ozB4.W3GXHnTo.Flc3tLb.AefWOOLCdCHDPO"], ["created_at", 2017-11-18 06:19:20 UTC], ["updated_at", 2017-11-18 06:19:20 UTC]]
  [1m[35m (2.5ms)[0m  [1m[35mCOMMIT[0m
  [1m[35m (0.3ms)[0m  [1m[35mBEGIN[0m
  [1m[35mSQL (6.8ms)[0m  [1m[33mUPDATE "users" SET "sign_in_count" = $1, "current_sign_in_at" = $2, "last_sign_in_at" = $3, "current_sign_in_ip" = $4, "last_sign_in_ip" = $5, "updated_at" = $6 WHERE "users"."id" = $7[0m  [["sign_in_count", 1], ["current_sign_in_at", 2017-11-18 06:19:20 UTC], ["last_sign_in_at", 2017-11-18 06:19:20 UTC], ["current_sign_in_ip", "::1/128"], ["last_sign_in_ip", "::1/128"], ["updated_at", 2017-11-18 06:19:20 UTC], ["id", 1]]
  [1m[35m (4.9ms)[0m  [1m[35mCOMMIT[0m
Redirected to http://localhost:3000/
Completed 302 Found in 310ms (ActiveRecord: 39.8ms)


Started GET "/" for ::1 at 2017-11-18 14:19:20 +0800
Processing by UsersController#stream as HTML
  [1m[36mUser Load (13.2ms)[0m  [1m[34mSELECT  "users".* FROM "users" WHERE "users"."id" = $1 ORDER BY "users"."id" ASC LIMIT $2[0m  [["id", 1], ["LIMIT", 1]]
  [1m[36mStream Load (12.2ms)[0m  [1m[34mSELECT  "streams".* FROM "streams" WHERE "streams"."user_id" = $1 LIMIT $2[0m  [["user_id", 1], ["LIMIT", 1]]
  [1m[35m (0.3ms)[0m  [1m[35mBEGIN[0m
  [1m[35m (0.2ms)[0m  [1m[31mROLLBACK[0m
Completed 500 Internal Server Error in 1544ms (ActiveRecord: 37.9ms)


  
OpenTok::OpenTokError (Failed to connect to OpenTok. Response code: Authentication failed while creating a session. API Key: ):
  
app/models/stream.rb:3:in `block in <class:Stream>'
app/controllers/users_controller.rb:5:in `stream'
  Rendering /Users/ariuslee/.rvm/gems/ruby-2.3.3/gems/actionpack-5.0.0.rc1/lib/action_dispatch/middleware/templates/rescues/diagnostics.html.erb within rescues/layout
  Rendering /Users/ariuslee/.rvm/gems/ruby-2.3.3/gems/actionpack-5.0.0.rc1/lib/action_dispatch/middleware/templates/rescues/_source.html.erb
  Rendered /Users/ariuslee/.rvm/gems/ruby-2.3.3/gems/actionpack-5.0.0.rc1/lib/action_dispatch/middleware/templates/rescues/_source.html.erb (6.6ms)
  Rendering /Users/ariuslee/.rvm/gems/ruby-2.3.3/gems/actionpack-5.0.0.rc1/lib/action_dispatch/middleware/templates/rescues/_trace.html.erb
  Rendered /Users/ariuslee/.rvm/gems/ruby-2.3.3/gems/actionpack-5.0.0.rc1/lib/action_dispatch/middleware/templates/rescues/_trace.html.erb (3.5ms)
  Rendering /Users/ariuslee/.rvm/gems/ruby-2.3.3/gems/actionpack-5.0.0.rc1/lib/action_dispatch/middleware/templates/rescues/_request_and_response.html.erb
  Rendered /Users/ariuslee/.rvm/gems/ruby-2.3.3/gems/actionpack-5.0.0.rc1/lib/action_dispatch/middleware/templates/rescues/_request_and_response.html.erb (1.4ms)
  Rendered /Users/ariuslee/.rvm/gems/ruby-2.3.3/gems/actionpack-5.0.0.rc1/lib/action_dispatch/middleware/templates/rescues/diagnostics.html.erb within rescues/layout (85.2ms)
  Rendering /Users/ariuslee/.rvm/gems/ruby-2.3.3/gems/web-console-3.1.1/lib/web_console/templates/index.html.erb
  Rendered /Users/ariuslee/.rvm/gems/ruby-2.3.3/gems/web-console-3.1.1/lib/web_console/templates/_markup.html.erb (0.5ms)
  Rendering /Users/ariuslee/.rvm/gems/ruby-2.3.3/gems/web-console-3.1.1/lib/web_console/templates/console.js.erb within layouts/javascript
  Rendering /Users/ariuslee/.rvm/gems/ruby-2.3.3/gems/web-console-3.1.1/lib/web_console/templates/_inner_console_markup.html.erb within layouts/inlined_string
  Rendered /Users/ariuslee/.rvm/gems/ruby-2.3.3/gems/web-console-3.1.1/lib/web_console/templates/_inner_console_markup.html.erb within layouts/inlined_string (0.5ms)
  Rendering /Users/ariuslee/.rvm/gems/ruby-2.3.3/gems/web-console-3.1.1/lib/web_console/templates/_prompt_box_markup.html.erb within layouts/inlined_string
  Rendered /Users/ariuslee/.rvm/gems/ruby-2.3.3/gems/web-console-3.1.1/lib/web_console/templates/_prompt_box_markup.html.erb within layouts/inlined_string (0.4ms)
  Rendering /Users/ariuslee/.rvm/gems/ruby-2.3.3/gems/web-console-3.1.1/lib/web_console/templates/style.css.erb within layouts/inlined_string
  Rendered /Users/ariuslee/.rvm/gems/ruby-2.3.3/gems/web-console-3.1.1/lib/web_console/templates/style.css.erb within layouts/inlined_string (0.5ms)
  Rendered /Users/ariuslee/.rvm/gems/ruby-2.3.3/gems/web-console-3.1.1/lib/web_console/templates/console.js.erb within layouts/javascript (76.7ms)
  Rendering /Users/ariuslee/.rvm/gems/ruby-2.3.3/gems/web-console-3.1.1/lib/web_console/templates/main.js.erb within layouts/javascript
  Rendered /Users/ariuslee/.rvm/gems/ruby-2.3.3/gems/web-console-3.1.1/lib/web_console/templates/main.js.erb within layouts/javascript (0.6ms)
  Rendered /Users/ariuslee/.rvm/gems/ruby-2.3.3/gems/web-console-3.1.1/lib/web_console/templates/index.html.erb (137.5ms)
Started GET "/" for ::1 at 2017-11-18 17:13:07 +0800
  [1m[36mActiveRecord::SchemaMigration Load (0.9ms)[0m  [1m[34mSELECT "schema_migrations".* FROM "schema_migrations"[0m
Processing by UsersController#stream as HTML
  [1m[36mUser Load (2.0ms)[0m  [1m[34mSELECT  "users".* FROM "users" WHERE "users"."id" = $1 ORDER BY "users"."id" ASC LIMIT $2[0m  [["id", 1], ["LIMIT", 1]]
  [1m[36mStream Load (0.5ms)[0m  [1m[34mSELECT  "streams".* FROM "streams" WHERE "streams"."user_id" = $1 LIMIT $2[0m  [["user_id", 1], ["LIMIT", 1]]
  [1m[35m (0.2ms)[0m  [1m[35mBEGIN[0m
  [1m[35m (0.5ms)[0m  [1m[31mROLLBACK[0m
Completed 500 Internal Server Error in 1509ms (ActiveRecord: 15.8ms)


  
OpenTok::OpenTokError (Failed to connect to OpenTok. Response code: Authentication failed while creating a session. API Key: ):
  
app/models/stream.rb:3:in `block in <class:Stream>'
app/controllers/users_controller.rb:5:in `stream'
  Rendering /Users/ariuslee/.rvm/gems/ruby-2.3.3/gems/actionpack-5.0.0.rc1/lib/action_dispatch/middleware/templates/rescues/diagnostics.html.erb within rescues/layout
  Rendering /Users/ariuslee/.rvm/gems/ruby-2.3.3/gems/actionpack-5.0.0.rc1/lib/action_dispatch/middleware/templates/rescues/_source.html.erb
  Rendered /Users/ariuslee/.rvm/gems/ruby-2.3.3/gems/actionpack-5.0.0.rc1/lib/action_dispatch/middleware/templates/rescues/_source.html.erb (6.7ms)
  Rendering /Users/ariuslee/.rvm/gems/ruby-2.3.3/gems/actionpack-5.0.0.rc1/lib/action_dispatch/middleware/templates/rescues/_trace.html.erb
  Rendered /Users/ariuslee/.rvm/gems/ruby-2.3.3/gems/actionpack-5.0.0.rc1/lib/action_dispatch/middleware/templates/rescues/_trace.html.erb (2.4ms)
  Rendering /Users/ariuslee/.rvm/gems/ruby-2.3.3/gems/actionpack-5.0.0.rc1/lib/action_dispatch/middleware/templates/rescues/_request_and_response.html.erb
  Rendered /Users/ariuslee/.rvm/gems/ruby-2.3.3/gems/actionpack-5.0.0.rc1/lib/action_dispatch/middleware/templates/rescues/_request_and_response.html.erb (1.0ms)
  Rendered /Users/ariuslee/.rvm/gems/ruby-2.3.3/gems/actionpack-5.0.0.rc1/lib/action_dispatch/middleware/templates/rescues/diagnostics.html.erb within rescues/layout (93.8ms)
  Rendering /Users/ariuslee/.rvm/gems/ruby-2.3.3/gems/web-console-3.1.1/lib/web_console/templates/index.html.erb
  Rendered /Users/ariuslee/.rvm/gems/ruby-2.3.3/gems/web-console-3.1.1/lib/web_console/templates/_markup.html.erb (0.5ms)
  Rendering /Users/ariuslee/.rvm/gems/ruby-2.3.3/gems/web-console-3.1.1/lib/web_console/templates/console.js.erb within layouts/javascript
  Rendering /Users/ariuslee/.rvm/gems/ruby-2.3.3/gems/web-console-3.1.1/lib/web_console/templates/_inner_console_markup.html.erb within layouts/inlined_string
  Rendered /Users/ariuslee/.rvm/gems/ruby-2.3.3/gems/web-console-3.1.1/lib/web_console/templates/_inner_console_markup.html.erb within layouts/inlined_string (0.6ms)
  Rendering /Users/ariuslee/.rvm/gems/ruby-2.3.3/gems/web-console-3.1.1/lib/web_console/templates/_prompt_box_markup.html.erb within layouts/inlined_string
  Rendered /Users/ariuslee/.rvm/gems/ruby-2.3.3/gems/web-console-3.1.1/lib/web_console/templates/_prompt_box_markup.html.erb within layouts/inlined_string (0.4ms)
  Rendering /Users/ariuslee/.rvm/gems/ruby-2.3.3/gems/web-console-3.1.1/lib/web_console/templates/style.css.erb within layouts/inlined_string
  Rendered /Users/ariuslee/.rvm/gems/ruby-2.3.3/gems/web-console-3.1.1/lib/web_console/templates/style.css.erb within layouts/inlined_string (0.5ms)
  Rendered /Users/ariuslee/.rvm/gems/ruby-2.3.3/gems/web-console-3.1.1/lib/web_console/templates/console.js.erb within layouts/javascript (113.2ms)
  Rendering /Users/ariuslee/.rvm/gems/ruby-2.3.3/gems/web-console-3.1.1/lib/web_console/templates/main.js.erb within layouts/javascript
  Rendered /Users/ariuslee/.rvm/gems/ruby-2.3.3/gems/web-console-3.1.1/lib/web_console/templates/main.js.erb within layouts/javascript (0.6ms)
  Rendered /Users/ariuslee/.rvm/gems/ruby-2.3.3/gems/web-console-3.1.1/lib/web_console/templates/index.html.erb (188.5ms)
Started GET "/" for ::1 at 2017-11-18 17:19:02 +0800
  [1m[36mActiveRecord::SchemaMigration Load (1.0ms)[0m  [1m[34mSELECT "schema_migrations".* FROM "schema_migrations"[0m
Processing by UsersController#stream as HTML
  [1m[36mUser Load (1.5ms)[0m  [1m[34mSELECT  "users".* FROM "users" WHERE "users"."id" = $1 ORDER BY "users"."id" ASC LIMIT $2[0m  [["id", 1], ["LIMIT", 1]]
  [1m[36mStream Load (0.4ms)[0m  [1m[34mSELECT  "streams".* FROM "streams" WHERE "streams"."user_id" = $1 LIMIT $2[0m  [["user_id", 1], ["LIMIT", 1]]
  [1m[35m (0.2ms)[0m  [1m[35mBEGIN[0m
  [1m[35mSQL (2.2ms)[0m  [1m[32mINSERT INTO "streams" ("user_id", "opentok_session_id", "created_at", "updated_at") VALUES ($1, $2, $3, $4) RETURNING "id"[0m  [["user_id", 1], ["opentok_session_id", "1_MX40NjAwMzE1Mn5-MTUxMDk5Njc0NDYwNn5HandhVndGRXFOQVkrYm9HWXBtUU9iWHV-UH4"], ["created_at", 2017-11-18 09:19:02 UTC], ["updated_at", 2017-11-18 09:19:02 UTC]]
  [1m[35m (15.1ms)[0m  [1m[35mCOMMIT[0m
DEPRECATION WARNING: env is deprecated and will be removed from Rails 5.1 (called from stream at /Users/ariuslee/projects/broadcaster/app/controllers/users_controller.rb:6)
  Rendering users/stream.html.erb within layouts/application
  Rendered users/stream.html.erb within layouts/application (14.1ms)
Completed 200 OK in 2031ms (Views: 466.5ms | ActiveRecord: 33.7ms)


Started GET "/watch/1" for ::1 at 2017-11-18 17:19:18 +0800
Processing by UsersController#watch as HTML
  Parameters: {"id"=>"1"}
  [1m[36mUser Load (0.6ms)[0m  [1m[34mSELECT  "users".* FROM "users" WHERE "users"."id" = $1 ORDER BY "users"."id" ASC LIMIT $2[0m  [["id", 1], ["LIMIT", 1]]
  [1m[36mUser Load (0.6ms)[0m  [1m[34mSELECT  "users".* FROM "users" WHERE "users"."id" = $1 LIMIT $2[0m  [["id", 1], ["LIMIT", 1]]
  [1m[36mStream Load (0.6ms)[0m  [1m[34mSELECT  "streams".* FROM "streams" WHERE "streams"."user_id" = $1 LIMIT $2[0m  [["user_id", 1], ["LIMIT", 1]]
DEPRECATION WARNING: env is deprecated and will be removed from Rails 5.1 (called from watch at /Users/ariuslee/projects/broadcaster/app/controllers/users_controller.rb:11)
  Rendering users/watch.html.erb within layouts/application
  Rendered users/watch.html.erb within layouts/application (0.8ms)
Completed 200 OK in 69ms (Views: 52.0ms | ActiveRecord: 1.7ms)


Started GET "/watch/1" for ::1 at 2017-11-18 17:19:55 +0800
Processing by UsersController#watch as HTML
  Parameters: {"id"=>"1"}
Completed 401 Unauthorized in 7ms (ActiveRecord: 0.0ms)


Started GET "/users/sign_in" for ::1 at 2017-11-18 17:19:55 +0800
Processing by Devise::SessionsController#new as HTML
  Rendering /Users/ariuslee/.rvm/gems/ruby-2.3.3/gems/devise-4.1.1/app/views/devise/sessions/new.html.erb within layouts/application
  Rendered /Users/ariuslee/.rvm/gems/ruby-2.3.3/gems/devise-4.1.1/app/views/devise/shared/_links.html.erb (2.1ms)
  Rendered /Users/ariuslee/.rvm/gems/ruby-2.3.3/gems/devise-4.1.1/app/views/devise/sessions/new.html.erb within layouts/application (57.9ms)
Completed 200 OK in 134ms (Views: 127.7ms | ActiveRecord: 0.0ms)


Started GET "/assets/streams.self-e3b0c44298fc1c149afbf4c8996fb92427ae41e4649b934ca495991b7852b855.css?body=1" for ::1 at 2017-11-18 17:19:55 +0800
Started GET "/assets/jquery.self-660adc51e0224b731d29f575a6f1ec167ba08ad06ed5deca4f1e8654c135bf4c.js?body=1" for ::1 at 2017-11-18 17:19:55 +0800
Started GET "/assets/stream.self-4fb4d167b8722f0b1233787b61771e7d6f38e95738afc957f06c72ee8999378d.js?body=1" for ::1 at 2017-11-18 17:19:55 +0800
Started GET "/assets/watch.self-189586264b2bd48ce5e7fba4b27b4a2f2da871eb29f9668e05ee14306547afce.js?body=1" for ::1 at 2017-11-18 17:19:55 +0800
Started GET "/assets/application.self-b89234cf2659d7fedea75bca0b8d231ad7dfc2f3f57fcbaf5f44ed9dc384137b.js?body=1" for ::1 at 2017-11-18 17:19:55 +0800
Started GET "/assets/turbolinks.self-979a09514ef27c84df025c07108a05438ba97cfec71073dcb800a4d327044e02.js?body=1" for ::1 at 2017-11-18 17:19:55 +0800
Started GET "/assets/application.self-af04b226fd7202dfc532ce7aedb95a0128277937e90d3b3a3d35e1cce9e16886.css?body=1" for ::1 at 2017-11-18 17:19:55 +0800
Started GET "/assets/action_cable.self-97a1acc11db2782c1b61ce874bff887f64e903d3cb2b533eff50fb799c873c70.js?body=1" for ::1 at 2017-11-18 17:19:55 +0800
Started GET "/assets/cable.self-6e0514260c1aa76eaf252412ce74e63f68819fd19bf740595f592c5ba4c36537.js?body=1" for ::1 at 2017-11-18 17:19:55 +0800
Started GET "/assets/jquery_ujs.self-e87806d0cf4489aeb1bb7288016024e8de67fd18db693fe026fe3907581e53cd.js?body=1" for ::1 at 2017-11-18 17:19:55 +0800
Started GET "/users/sign_up" for ::1 at 2017-11-18 17:20:06 +0800
Processing by Devise::RegistrationsController#new as HTML
  Rendering /Users/ariuslee/.rvm/gems/ruby-2.3.3/gems/devise-4.1.1/app/views/devise/registrations/new.html.erb within layouts/application
  Rendered /Users/ariuslee/.rvm/gems/ruby-2.3.3/gems/devise-4.1.1/app/views/devise/shared/_links.html.erb (1.5ms)
  Rendered /Users/ariuslee/.rvm/gems/ruby-2.3.3/gems/devise-4.1.1/app/views/devise/registrations/new.html.erb within layouts/application (16.0ms)
Completed 200 OK in 59ms (Views: 57.2ms | ActiveRecord: 0.0ms)


Started POST "/users" for ::1 at 2017-11-18 17:20:12 +0800
Processing by Devise::RegistrationsController#create as HTML
  Parameters: {"utf8"=>"✓", "authenticity_token"=>"Vlx7024cknFDnWmLZAMQ53Zf3+5vUlek96yZsjp5BsQMiPyfD/778lRCv+gifjkwhQEK/LqbN2CU//BPa1iCmg==", "user"=>{"email"=>"123@123123.com", "password"=>"[FILTERED]", "password_confirmation"=>"[FILTERED]"}, "commit"=>"Sign up"}
  [1m[35m (0.2ms)[0m  [1m[35mBEGIN[0m
  [1m[36mUser Exists (1.5ms)[0m  [1m[34mSELECT  1 AS one FROM "users" WHERE "users"."email" = $1 LIMIT $2[0m  [["email", "123@123123.com"], ["LIMIT", 1]]
  [1m[35mSQL (0.8ms)[0m  [1m[32mINSERT INTO "users" ("email", "encrypted_password", "created_at", "updated_at") VALUES ($1, $2, $3, $4) RETURNING "id"[0m  [["email", "123@123123.com"], ["encrypted_password", "$2a$11$4thQqGJ64M9dLVa/RprYbO/fNOich2RZ4o9rET0CY8Nw3RJsZr4h."], ["created_at", 2017-11-18 09:20:12 UTC], ["updated_at", 2017-11-18 09:20:12 UTC]]
  [1m[35m (5.7ms)[0m  [1m[35mCOMMIT[0m
  [1m[35m (0.2ms)[0m  [1m[35mBEGIN[0m
  [1m[35mSQL (1.5ms)[0m  [1m[33mUPDATE "users" SET "sign_in_count" = $1, "current_sign_in_at" = $2, "last_sign_in_at" = $3, "current_sign_in_ip" = $4, "last_sign_in_ip" = $5, "updated_at" = $6 WHERE "users"."id" = $7[0m  [["sign_in_count", 1], ["current_sign_in_at", 2017-11-18 09:20:12 UTC], ["last_sign_in_at", 2017-11-18 09:20:12 UTC], ["current_sign_in_ip", "::1/128"], ["last_sign_in_ip", "::1/128"], ["updated_at", 2017-11-18 09:20:12 UTC], ["id", 2]]
  [1m[35m (5.1ms)[0m  [1m[35mCOMMIT[0m
Redirected to http://localhost:3000/watch/1
Completed 302 Found in 269ms (ActiveRecord: 15.0ms)


Started GET "/watch/1" for ::1 at 2017-11-18 17:20:12 +0800
Processing by UsersController#watch as HTML
  Parameters: {"id"=>"1"}
  [1m[36mUser Load (1.6ms)[0m  [1m[34mSELECT  "users".* FROM "users" WHERE "users"."id" = $1 ORDER BY "users"."id" ASC LIMIT $2[0m  [["id", 2], ["LIMIT", 1]]
  [1m[36mUser Load (0.3ms)[0m  [1m[34mSELECT  "users".* FROM "users" WHERE "users"."id" = $1 LIMIT $2[0m  [["id", 1], ["LIMIT", 1]]
  [1m[36mStream Load (0.4ms)[0m  [1m[34mSELECT  "streams".* FROM "streams" WHERE "streams"."user_id" = $1 LIMIT $2[0m  [["user_id", 1], ["LIMIT", 1]]
DEPRECATION WARNING: env is deprecated and will be removed from Rails 5.1 (called from watch at /Users/ariuslee/projects/broadcaster/app/controllers/users_controller.rb:11)
  Rendering users/watch.html.erb within layouts/application
  Rendered users/watch.html.erb within layouts/application (0.7ms)
Completed 200 OK in 32ms (Views: 21.7ms | ActiveRecord: 2.6ms)


Started GET "/watch/1" for ::1 at 2017-11-18 17:21:16 +0800
Processing by UsersController#watch as HTML
  Parameters: {"id"=>"1"}
  [1m[36mUser Load (3.1ms)[0m  [1m[34mSELECT  "users".* FROM "users" WHERE "users"."id" = $1 ORDER BY "users"."id" ASC LIMIT $2[0m  [["id", 1], ["LIMIT", 1]]
  [1m[36mUser Load (0.5ms)[0m  [1m[34mSELECT  "users".* FROM "users" WHERE "users"."id" = $1 LIMIT $2[0m  [["id", 1], ["LIMIT", 1]]
  [1m[36mStream Load (0.7ms)[0m  [1m[34mSELECT  "streams".* FROM "streams" WHERE "streams"."user_id" = $1 LIMIT $2[0m  [["user_id", 1], ["LIMIT", 1]]
DEPRECATION WARNING: env is deprecated and will be removed from Rails 5.1 (called from watch at /Users/ariuslee/projects/broadcaster/app/controllers/users_controller.rb:11)
  Rendering users/watch.html.erb within layouts/application
  Rendered users/watch.html.erb within layouts/application (1.0ms)
Completed 200 OK in 97ms (Views: 69.8ms | ActiveRecord: 8.0ms)


Started GET "/" for ::1 at 2017-11-18 17:22:47 +0800
Processing by UsersController#stream as HTML
  [1m[36mUser Load (0.6ms)[0m  [1m[34mSELECT  "users".* FROM "users" WHERE "users"."id" = $1 ORDER BY "users"."id" ASC LIMIT $2[0m  [["id", 1], ["LIMIT", 1]]
  [1m[36mStream Load (0.3ms)[0m  [1m[34mSELECT  "streams".* FROM "streams" WHERE "streams"."user_id" = $1 LIMIT $2[0m  [["user_id", 1], ["LIMIT", 1]]
DEPRECATION WARNING: env is deprecated and will be removed from Rails 5.1 (called from stream at /Users/ariuslee/projects/broadcaster/app/controllers/users_controller.rb:6)
  Rendering users/stream.html.erb within layouts/application
  Rendered users/stream.html.erb within layouts/application (0.9ms)
Completed 200 OK in 35ms (Views: 27.5ms | ActiveRecord: 0.9ms)


Started GET "/" for ::1 at 2017-11-18 17:32:10 +0800
  [1m[36mActiveRecord::SchemaMigration Load (0.7ms)[0m  [1m[34mSELECT "schema_migrations".* FROM "schema_migrations"[0m
Processing by UsersController#stream as HTML
  [1m[36mUser Load (1.2ms)[0m  [1m[34mSELECT  "users".* FROM "users" WHERE "users"."id" = $1 ORDER BY "users"."id" ASC LIMIT $2[0m  [["id", 1], ["LIMIT", 1]]
  [1m[36mStream Load (1.4ms)[0m  [1m[34mSELECT  "streams".* FROM "streams" WHERE "streams"."user_id" = $1 LIMIT $2[0m  [["user_id", 1], ["LIMIT", 1]]
DEPRECATION WARNING: env is deprecated and will be removed from Rails 5.1 (called from stream at /Users/ariuslee/projects/live-stream/app/controllers/users_controller.rb:6)
  Rendering users/stream.html.erb within layouts/application
  Rendered users/stream.html.erb within layouts/application (20.4ms)
Completed 200 OK in 1171ms (Views: 951.7ms | ActiveRecord: 26.1ms)


